<?xml version="1.0" encoding="UTF-8"?>
<testng-results ignored="0" total="4" passed="4" failed="0" skipped="0">
  <reporter-output>
  </reporter-output>
  <suite started-at="2023-09-19T23:15:02 IST" name="Suite" finished-at="2023-09-19T23:17:48 IST" duration-ms="165795">
    <groups>
      <group name="regressionTest">
        <method signature="CreateCampaignwithProductTestNg.CreateCampaignwithProductTestNg()[pri:0, instance:CampaignUsingProduct.CreateCampaignwithProductTestNg@173ed316]" name="CreateCampaignwithProductTestNg" class="CampaignUsingProduct.CreateCampaignwithProductTestNg"/>
        <method signature="CreateCampaignTestNg.CreateCampaignTestNg()[pri:0, instance:More_Campaigns.CreateCampaignTestNg@69e153c5]" name="CreateCampaignTestNg" class="More_Campaigns.CreateCampaignTestNg"/>
        <method signature="CreateOrganizationTestNg.CreateOrganizationTestNg()[pri:0, instance:Organization.CreateOrganizationTestNg@7674f035]" name="CreateOrganizationTestNg" class="Organization.CreateOrganizationTestNg"/>
      </group> <!-- regressionTest -->
      <group name="smokeTest">
        <method signature="CreateCampaignwithProductTestNg.CreateCampaignwithProductTestNg()[pri:0, instance:CampaignUsingProduct.CreateCampaignwithProductTestNg@173ed316]" name="CreateCampaignwithProductTestNg" class="CampaignUsingProduct.CreateCampaignwithProductTestNg"/>
        <method signature="CreateCampaignTestNg.CreateCampaignTestNg()[pri:0, instance:More_Campaigns.CreateCampaignTestNg@69e153c5]" name="CreateCampaignTestNg" class="More_Campaigns.CreateCampaignTestNg"/>
        <method signature="ProductNg.ProductNg()[pri:0, instance:Product.ProductNg@78e4deb0]" name="ProductNg" class="Product.ProductNg"/>
      </group> <!-- smokeTest -->
    </groups>
    <test started-at="2023-09-19T23:15:02 IST" name="Test" finished-at="2023-09-19T23:17:48 IST" duration-ms="165795">
      <class name="Product.ProductNg">
        <test-method is-config="true" signature="beforeSuite()[pri:0, instance:Product.ProductNg@78e4deb0]" started-at="2023-09-19T23:15:02 IST" name="beforeSuite" finished-at="2023-09-19T23:15:02 IST" duration-ms="17" status="PASS">
          <reporter-output>
          </reporter-output>
        </test-method> <!-- beforeSuite -->
        <test-method is-config="true" signature="beforeTest()[pri:0, instance:Product.ProductNg@78e4deb0]" started-at="2023-09-19T23:15:02 IST" name="beforeTest" finished-at="2023-09-19T23:15:02 IST" duration-ms="2" status="PASS">
          <reporter-output>
          </reporter-output>
        </test-method> <!-- beforeTest -->
        <test-method is-config="true" signature="beforeClass()[pri:0, instance:Product.ProductNg@78e4deb0]" started-at="2023-09-19T23:15:02 IST" name="beforeClass" finished-at="2023-09-19T23:15:05 IST" duration-ms="3386" status="PASS">
          <reporter-output>
          </reporter-output>
        </test-method> <!-- beforeClass -->
        <test-method is-config="true" signature="beforeMethod()[pri:0, instance:Product.ProductNg@78e4deb0]" started-at="2023-09-19T23:15:05 IST" name="beforeMethod" finished-at="2023-09-19T23:15:17 IST" duration-ms="11968" status="PASS">
          <reporter-output>
          </reporter-output>
        </test-method> <!-- beforeMethod -->
        <test-method signature="ProductNg()[pri:0, instance:Product.ProductNg@78e4deb0]" started-at="2023-09-19T23:15:17 IST" name="ProductNg" finished-at="2023-09-19T23:15:42 IST" duration-ms="24745" status="PASS">
          <reporter-output>
          </reporter-output>
        </test-method> <!-- ProductNg -->
        <test-method is-config="true" signature="afterMethod()[pri:0, instance:Product.ProductNg@78e4deb0]" started-at="2023-09-19T23:15:42 IST" name="afterMethod" finished-at="2023-09-19T23:15:44 IST" duration-ms="1634" status="PASS">
          <reporter-output>
          </reporter-output>
        </test-method> <!-- afterMethod -->
        <test-method is-config="true" signature="afterClass()[pri:0, instance:Product.ProductNg@78e4deb0]" started-at="2023-09-19T23:15:44 IST" name="afterClass" finished-at="2023-09-19T23:15:45 IST" duration-ms="1016" status="PASS">
          <reporter-output>
          </reporter-output>
        </test-method> <!-- afterClass -->
        <test-method is-config="true" signature="afterTest()[pri:0, instance:Product.ProductNg@78e4deb0]" started-at="2023-09-19T23:17:48 IST" name="afterTest" finished-at="2023-09-19T23:17:48 IST" duration-ms="1" status="PASS">
          <reporter-output>
          </reporter-output>
        </test-method> <!-- afterTest -->
        <test-method is-config="true" signature="afterSuite()[pri:0, instance:Product.ProductNg@78e4deb0]" started-at="2023-09-19T23:17:48 IST" name="afterSuite" finished-at="2023-09-19T23:17:48 IST" duration-ms="0" status="PASS">
          <reporter-output>
          </reporter-output>
        </test-method> <!-- afterSuite -->
      </class> <!-- Product.ProductNg -->
      <class name="More_Campaigns.CreateCampaignTestNg">
        <test-method is-config="true" signature="beforeClass()[pri:0, instance:More_Campaigns.CreateCampaignTestNg@69e153c5]" started-at="2023-09-19T23:16:20 IST" name="beforeClass" finished-at="2023-09-19T23:16:21 IST" duration-ms="1423" status="PASS">
          <reporter-output>
          </reporter-output>
        </test-method> <!-- beforeClass -->
        <test-method is-config="true" signature="beforeMethod()[pri:0, instance:More_Campaigns.CreateCampaignTestNg@69e153c5]" started-at="2023-09-19T23:16:21 IST" name="beforeMethod" finished-at="2023-09-19T23:16:29 IST" duration-ms="8072" status="PASS">
          <reporter-output>
          </reporter-output>
        </test-method> <!-- beforeMethod -->
        <test-method signature="CreateCampaignTestNg()[pri:0, instance:More_Campaigns.CreateCampaignTestNg@69e153c5]" started-at="2023-09-19T23:16:29 IST" name="CreateCampaignTestNg" finished-at="2023-09-19T23:16:52 IST" duration-ms="22027" status="PASS">
          <reporter-output>
          </reporter-output>
        </test-method> <!-- CreateCampaignTestNg -->
        <test-method is-config="true" signature="afterMethod()[pri:0, instance:More_Campaigns.CreateCampaignTestNg@69e153c5]" started-at="2023-09-19T23:16:52 IST" name="afterMethod" finished-at="2023-09-19T23:16:53 IST" duration-ms="1733" status="PASS">
          <reporter-output>
          </reporter-output>
        </test-method> <!-- afterMethod -->
        <test-method is-config="true" signature="afterClass()[pri:0, instance:More_Campaigns.CreateCampaignTestNg@69e153c5]" started-at="2023-09-19T23:16:53 IST" name="afterClass" finished-at="2023-09-19T23:16:54 IST" duration-ms="708" status="PASS">
          <reporter-output>
          </reporter-output>
        </test-method> <!-- afterClass -->
      </class> <!-- More_Campaigns.CreateCampaignTestNg -->
      <class name="Organization.CreateOrganizationTestNg">
        <test-method is-config="true" signature="beforeClass()[pri:0, instance:Organization.CreateOrganizationTestNg@7674f035]" started-at="2023-09-19T23:15:45 IST" name="beforeClass" finished-at="2023-09-19T23:15:47 IST" duration-ms="2290" status="PASS">
          <reporter-output>
          </reporter-output>
        </test-method> <!-- beforeClass -->
        <test-method is-config="true" signature="beforeMethod()[pri:0, instance:Organization.CreateOrganizationTestNg@7674f035]" started-at="2023-09-19T23:15:47 IST" name="beforeMethod" finished-at="2023-09-19T23:15:58 IST" duration-ms="11015" status="PASS">
          <reporter-output>
          </reporter-output>
        </test-method> <!-- beforeMethod -->
        <test-method signature="CreateOrganizationTestNg()[pri:0, instance:Organization.CreateOrganizationTestNg@7674f035]" started-at="2023-09-19T23:15:58 IST" name="CreateOrganizationTestNg" finished-at="2023-09-19T23:16:18 IST" duration-ms="19509" status="PASS">
          <reporter-output>
          </reporter-output>
        </test-method> <!-- CreateOrganizationTestNg -->
        <test-method is-config="true" signature="afterMethod()[pri:0, instance:Organization.CreateOrganizationTestNg@7674f035]" started-at="2023-09-19T23:16:18 IST" name="afterMethod" finished-at="2023-09-19T23:16:19 IST" duration-ms="1725" status="PASS">
          <reporter-output>
          </reporter-output>
        </test-method> <!-- afterMethod -->
        <test-method is-config="true" signature="afterClass()[pri:0, instance:Organization.CreateOrganizationTestNg@7674f035]" started-at="2023-09-19T23:16:19 IST" name="afterClass" finished-at="2023-09-19T23:16:20 IST" duration-ms="708" status="PASS">
          <reporter-output>
          </reporter-output>
        </test-method> <!-- afterClass -->
      </class> <!-- Organization.CreateOrganizationTestNg -->
      <class name="CampaignUsingProduct.CreateCampaignwithProductTestNg">
        <test-method is-config="true" signature="beforeClass()[pri:0, instance:CampaignUsingProduct.CreateCampaignwithProductTestNg@173ed316]" started-at="2023-09-19T23:16:54 IST" name="beforeClass" finished-at="2023-09-19T23:16:55 IST" duration-ms="1208" status="PASS">
          <reporter-output>
          </reporter-output>
        </test-method> <!-- beforeClass -->
        <test-method is-config="true" signature="beforeMethod()[pri:0, instance:CampaignUsingProduct.CreateCampaignwithProductTestNg@173ed316]" started-at="2023-09-19T23:16:55 IST" name="beforeMethod" finished-at="2023-09-19T23:17:05 IST" duration-ms="9362" status="PASS">
          <reporter-output>
          </reporter-output>
        </test-method> <!-- beforeMethod -->
        <test-method signature="CreateCampaignwithProductTestNg()[pri:0, instance:CampaignUsingProduct.CreateCampaignwithProductTestNg@173ed316]" started-at="2023-09-19T23:17:05 IST" name="CreateCampaignwithProductTestNg" finished-at="2023-09-19T23:17:46 IST" duration-ms="41076" status="PASS">
          <reporter-output>
          </reporter-output>
        </test-method> <!-- CreateCampaignwithProductTestNg -->
        <test-method is-config="true" signature="afterMethod()[pri:0, instance:CampaignUsingProduct.CreateCampaignwithProductTestNg@173ed316]" started-at="2023-09-19T23:17:46 IST" name="afterMethod" finished-at="2023-09-19T23:17:47 IST" duration-ms="1230" status="PASS">
          <reporter-output>
          </reporter-output>
        </test-method> <!-- afterMethod -->
        <test-method is-config="true" signature="afterClass()[pri:0, instance:CampaignUsingProduct.CreateCampaignwithProductTestNg@173ed316]" started-at="2023-09-19T23:17:47 IST" name="afterClass" finished-at="2023-09-19T23:17:48 IST" duration-ms="851" status="PASS">
          <reporter-output>
          </reporter-output>
        </test-method> <!-- afterClass -->
      </class> <!-- CampaignUsingProduct.CreateCampaignwithProductTestNg -->
    </test> <!-- Test -->
  </suite> <!-- Suite -->
</testng-results>
